<?xml version="1.0" encoding="UTF-8"?>
<testng-results ignored="0" total="3" passed="3" failed="0" skipped="0">
  <reporter-output>
  </reporter-output>
  <suite started-at="2022-10-14T11:43:47 IST" name="Default suite" finished-at="2022-10-14T11:45:33 IST" duration-ms="106906">
    <groups>
    </groups>
    <test started-at="2022-10-14T11:43:47 IST" name="Default test" finished-at="2022-10-14T11:45:33 IST" duration-ms="106906">
      <class name="Practice.DataProviderTest1">
        <test-method signature="companyDetails(java.lang.String,java.lang.String,java.lang.String)[pri:0, instance:Practice.DataProviderTest1@7e7be63f]" started-at="2022-10-14T11:43:47 IST" name="companyDetails" data-provider="dataProvider_test" finished-at="2022-10-14T11:44:19 IST" duration-ms="32658" status="PASS">
          <params>
            <param index="0">
              <value>
                <![CDATA[XYZ]]>
              </value>
            </param>
            <param index="1">
              <value>
                <![CDATA[9784224520]]>
              </value>
            </param>
            <param index="2">
              <value>
                <![CDATA[agdays@gmail.com]]>
              </value>
            </param>
          </params>
          <reporter-output>
          </reporter-output>
        </test-method> <!-- companyDetails -->
        <test-method signature="companyDetails(java.lang.String,java.lang.String,java.lang.String)[pri:0, instance:Practice.DataProviderTest1@7e7be63f]" started-at="2022-10-14T11:44:19 IST" name="companyDetails" data-provider="dataProvider_test" finished-at="2022-10-14T11:45:02 IST" duration-ms="43121" status="PASS">
          <params>
            <param index="0">
              <value>
                <![CDATA[GGG]]>
              </value>
            </param>
            <param index="1">
              <value>
                <![CDATA[9784224810]]>
              </value>
            </param>
            <param index="2">
              <value>
                <![CDATA[agys@gmail.com]]>
              </value>
            </param>
          </params>
          <reporter-output>
          </reporter-output>
        </test-method> <!-- companyDetails -->
        <test-method signature="companyDetails(java.lang.String,java.lang.String,java.lang.String)[pri:0, instance:Practice.DataProviderTest1@7e7be63f]" started-at="2022-10-14T11:45:02 IST" name="companyDetails" data-provider="dataProvider_test" finished-at="2022-10-14T11:45:33 IST" duration-ms="30960" status="PASS">
          <params>
            <param index="0">
              <value>
                <![CDATA[ZZZ]]>
              </value>
            </param>
            <param index="1">
              <value>
                <![CDATA[9784004520]]>
              </value>
            </param>
            <param index="2">
              <value>
                <![CDATA[days@gmail.com]]>
              </value>
            </param>
          </params>
          <reporter-output>
          </reporter-output>
        </test-method> <!-- companyDetails -->
      </class> <!-- Practice.DataProviderTest1 -->
    </test> <!-- Default test -->
  </suite> <!-- Default suite -->
</testng-results>
