<?xml version="1.0" encoding="UTF-8"?>
<!-- Generated by org.testng.reporters.JUnitXMLReporter -->
<testsuite ignored="0" hostname="DESKTOP-SHL9U6D" failures="0" tests="3" name="Default test" time="106.906" errors="0" timestamp="2022-10-14T11:45:33 IST">
  <testcase classname="Practice.DataProviderTest1" name="companyDetails" time="32.658"/>
  <testcase classname="Practice.DataProviderTest1" name="companyDetails" time="43.121"/>
  <testcase classname="Practice.DataProviderTest1" name="companyDetails" time="30.96"/>
</testsuite> <!-- Default test -->
